<?xml version="1.0" encoding="UTF-8"?>
<testng-results ignored="0" total="1" passed="1" failed="0" skipped="0">
  <reporter-output>
  </reporter-output>
  <suite started-at="2021-09-20T00:21:40 GMT-04:00" name="nopCommerce" finished-at="2021-09-20T00:22:33 GMT-04:00" duration-ms="53038">
    <groups>
    </groups>
    <test started-at="2021-09-20T00:21:40 GMT-04:00" name="nopCommerce Test1" finished-at="2021-09-20T00:22:33 GMT-04:00" duration-ms="53038">
      <class name="com.nopcommerce.testCases.TC_LoginTest_001">
        <test-method is-config="true" signature="setup()[pri:0, instance:com.nopcommerce.testCases.TC_LoginTest_001@3fb1549b]" started-at="2021-09-20T00:21:40 GMT-04:00" name="setup" finished-at="2021-09-20T00:21:45 GMT-04:00" duration-ms="5893" status="PASS">
          <reporter-output>
          </reporter-output>
        </test-method> <!-- setup -->
        <test-method signature="loginTest()[pri:0, instance:com.nopcommerce.testCases.TC_LoginTest_001@3fb1549b]" started-at="2021-09-20T00:21:45 GMT-04:00" name="loginTest" finished-at="2021-09-20T00:22:32 GMT-04:00" duration-ms="46307" status="PASS">
          <reporter-output>
          </reporter-output>
        </test-method> <!-- loginTest -->
        <test-method is-config="true" signature="tearDown()[pri:0, instance:com.nopcommerce.testCases.TC_LoginTest_001@3fb1549b]" started-at="2021-09-20T00:22:32 GMT-04:00" name="tearDown" finished-at="2021-09-20T00:22:33 GMT-04:00" duration-ms="781" status="PASS">
          <reporter-output>
          </reporter-output>
        </test-method> <!-- tearDown -->
      </class> <!-- com.nopcommerce.testCases.TC_LoginTest_001 -->
    </test> <!-- nopCommerce Test1 -->
  </suite> <!-- nopCommerce -->
</testng-results>
