<?xml version="1.0" encoding="UTF-8"?>
<testng-results ignored="0" total="1" passed="1" failed="0" skipped="0">
  <reporter-output>
  </reporter-output>
  <suite started-at="2021-09-19T23:45:58 GMT-04:00" name="nopCommerce" finished-at="2021-09-19T23:46:49 GMT-04:00" duration-ms="50870">
    <groups>
    </groups>
    <test started-at="2021-09-19T23:45:58 GMT-04:00" name="nopCommerce Test1" finished-at="2021-09-19T23:46:49 GMT-04:00" duration-ms="50870">
      <class name="com.nopcommerce.testCases.TC_LoginTest_001">
        <test-method is-config="true" signature="setup()[pri:0, instance:com.nopcommerce.testCases.TC_LoginTest_001@e15b7e8]" started-at="2021-09-19T23:45:59 GMT-04:00" name="setup" finished-at="2021-09-19T23:46:03 GMT-04:00" duration-ms="4007" status="PASS">
          <reporter-output>
          </reporter-output>
        </test-method> <!-- setup -->
        <test-method signature="loginTest()[pri:0, instance:com.nopcommerce.testCases.TC_LoginTest_001@e15b7e8]" started-at="2021-09-19T23:46:03 GMT-04:00" name="loginTest" finished-at="2021-09-19T23:46:48 GMT-04:00" duration-ms="45910" status="PASS">
          <reporter-output>
          </reporter-output>
        </test-method> <!-- loginTest -->
        <test-method is-config="true" signature="tearDown()[pri:0, instance:com.nopcommerce.testCases.TC_LoginTest_001@e15b7e8]" started-at="2021-09-19T23:46:48 GMT-04:00" name="tearDown" finished-at="2021-09-19T23:46:49 GMT-04:00" duration-ms="876" status="PASS">
          <reporter-output>
          </reporter-output>
        </test-method> <!-- tearDown -->
      </class> <!-- com.nopcommerce.testCases.TC_LoginTest_001 -->
    </test> <!-- nopCommerce Test1 -->
  </suite> <!-- nopCommerce -->
</testng-results>
